Copyright 1986-2018 Xilinx, Inc. All Rights Reserved.
-------------------------------------------------------------------------------------------------------------------------------------------------------
| Tool Version     : Vivado v.2018.2 (win64) Build 2258646 Thu Jun 14 20:03:12 MDT 2018
| Date             : Sat Apr  6 01:50:14 2024
| Host             : LAPTOP-8QIVGIR0 running 64-bit major release  (build 9200)
| Command          : report_power -file Top_Student_power_routed.rpt -pb Top_Student_power_summary_routed.pb -rpx Top_Student_power_routed.rpx
| Design           : Top_Student
| Device           : xc7a35tcpg236-1
| Design State     : routed
| Grade            : commercial
| Process          : typical
| Characterization : Production
-------------------------------------------------------------------------------------------------------------------------------------------------------

Power Report

Table of Contents
-----------------
1. Summary
1.1 On-Chip Components
1.2 Power Supply Summary
1.3 Confidence Level
2. Settings
2.1 Environment
2.2 Clock Constraints
3. Detailed Reports
3.1 By Hierarchy

1. Summary
----------

+--------------------------+--------------+
| Total On-Chip Power (W)  | 0.243        |
| Design Power Budget (W)  | Unspecified* |
| Power Budget Margin (W)  | NA           |
| Dynamic (W)              | 0.168        |
| Device Static (W)        | 0.074        |
| Effective TJA (C/W)      | 5.0          |
| Max Ambient (C)          | 83.8         |
| Junction Temperature (C) | 26.2         |
| Confidence Level         | Low          |
| Setting File             | ---          |
| Simulation Activity File | ---          |
| Design Nets Matched      | NA           |
+--------------------------+--------------+
* Specify Design Power Budget using, set_operating_conditions -design_power_budget <value in Watts>


1.1 On-Chip Components
----------------------

+--------------------------+-----------+----------+-----------+-----------------+
| On-Chip                  | Power (W) | Used     | Available | Utilization (%) |
+--------------------------+-----------+----------+-----------+-----------------+
| Clocks                   |     0.013 |        3 |       --- |             --- |
| Slice Logic              |     0.036 |    33428 |       --- |             --- |
|   LUT as Logic           |     0.031 |    15990 |     20800 |           76.88 |
|   CARRY4                 |     0.005 |     2876 |      8150 |           35.29 |
|   Register               |    <0.001 |     2888 |     41600 |            6.94 |
|   F7/F8 Muxes            |    <0.001 |     3679 |     32600 |           11.29 |
|   BUFG                   |     0.000 |        3 |        32 |            9.38 |
|   Others                 |     0.000 |      135 |       --- |             --- |
|   LUT as Distributed RAM |     0.000 |     4608 |      9600 |           48.00 |
| Signals                  |     0.039 |    21713 |       --- |             --- |
| Block RAM                |     0.080 |       48 |        50 |           96.00 |
| DSPs                     |     0.000 |       17 |        90 |           18.89 |
| I/O                      |    <0.001 |       56 |       106 |           52.83 |
| Static Power             |     0.074 |          |           |                 |
| Total                    |     0.243 |          |           |                 |
+--------------------------+-----------+----------+-----------+-----------------+


1.2 Power Supply Summary
------------------------

+-----------+-------------+-----------+-------------+------------+
| Source    | Voltage (V) | Total (A) | Dynamic (A) | Static (A) |
+-----------+-------------+-----------+-------------+------------+
| Vccint    |       1.000 |     0.172 |       0.161 |      0.011 |
| Vccaux    |       1.800 |     0.013 |       0.000 |      0.013 |
| Vcco33    |       3.300 |     0.001 |       0.000 |      0.001 |
| Vcco25    |       2.500 |     0.000 |       0.000 |      0.000 |
| Vcco18    |       1.800 |     0.000 |       0.000 |      0.000 |
| Vcco15    |       1.500 |     0.000 |       0.000 |      0.000 |
| Vcco135   |       1.350 |     0.000 |       0.000 |      0.000 |
| Vcco12    |       1.200 |     0.000 |       0.000 |      0.000 |
| Vccaux_io |       1.800 |     0.000 |       0.000 |      0.000 |
| Vccbram   |       1.000 |     0.008 |       0.007 |      0.001 |
| MGTAVcc   |       1.000 |     0.000 |       0.000 |      0.000 |
| MGTAVtt   |       1.200 |     0.000 |       0.000 |      0.000 |
| Vccadc    |       1.800 |     0.020 |       0.000 |      0.020 |
+-----------+-------------+-----------+-------------+------------+


1.3 Confidence Level
--------------------

+-----------------------------+------------+--------------------------------------------------------+--------------------------------------------------------------------------------------------------------------------+
| User Input Data             | Confidence | Details                                                | Action                                                                                                             |
+-----------------------------+------------+--------------------------------------------------------+--------------------------------------------------------------------------------------------------------------------+
| Design implementation state | High       | Design is routed                                       |                                                                                                                    |
| Clock nodes activity        | Low        | User specified less than 75% of clocks                 | Provide missing clock activity with a constraint file, simulation results or by editing the "By Clock Domain" view |
| I/O nodes activity          | Low        | More than 75% of inputs are missing user specification | Provide missing input activity with simulation results or by editing the "By Resource Type -> I/Os" view           |
| Internal nodes activity     | Medium     | User specified less than 25% of internal nodes         | Provide missing internal nodes activity with simulation results or by editing the "By Resource Type" views         |
| Device models               | High       | Device models are Production                           |                                                                                                                    |
|                             |            |                                                        |                                                                                                                    |
| Overall confidence level    | Low        |                                                        |                                                                                                                    |
+-----------------------------+------------+--------------------------------------------------------+--------------------------------------------------------------------------------------------------------------------+


2. Settings
-----------

2.1 Environment
---------------

+-----------------------+--------------------------+
| Ambient Temp (C)      | 25.0                     |
| ThetaJA (C/W)         | 5.0                      |
| Airflow (LFM)         | 250                      |
| Heat Sink             | medium (Medium Profile)  |
| ThetaSA (C/W)         | 4.6                      |
| Board Selection       | medium (10"x10")         |
| # of Board Layers     | 12to15 (12 to 15 Layers) |
| Board Temperature (C) | 25.0                     |
+-----------------------+--------------------------+


2.2 Clock Constraints
---------------------

+-------------+--------+-----------------+
| Clock       | Domain | Constraint (ns) |
+-------------+--------+-----------------+
| sys_clk_pin | clk    |            10.0 |
+-------------+--------+-----------------+


3. Detailed Reports
-------------------

3.1 By Hierarchy
----------------

+-------------------------------------+-----------+
| Name                                | Power (W) |
+-------------------------------------+-----------+
| Top_Student                         |     0.168 |
|   Integration                       |    <0.001 |
|   MUX                               |    <0.001 |
|   Oled_mod                          |    <0.001 |
|   UserInputs                        |    <0.001 |
|     Btn_control                     |    <0.001 |
|     OLED_control                    |    <0.001 |
|   Workout                           |    <0.001 |
|     nolabel_line36                  |     0.000 |
|     nolabel_line37                  |     0.000 |
|   ari                               |     0.002 |
|     center_button                   |    <0.001 |
|     clk_1000hz                      |    <0.001 |
|     down_button                     |    <0.001 |
|     g1                              |    <0.001 |
|     g2                              |     0.000 |
|     g3                              |     0.000 |
|     g4                              |    <0.001 |
|     g5                              |    <0.001 |
|     g6                              |    <0.001 |
|     ledIndicator                    |     0.000 |
|     left_button                     |    <0.001 |
|     mainff                          |    <0.001 |
|     mainmenudff                     |    <0.001 |
|     menuscreen                      |    <0.001 |
|     mux1                            |    <0.001 |
|     pad_A                           |    <0.001 |
|     pad_B                           |    <0.001 |
|     pad_C                           |    <0.001 |
|     pad_D                           |    <0.001 |
|     pad_E                           |    <0.001 |
|     pad_F                           |    <0.001 |
|     right_button                    |    <0.001 |
|     snackff                         |    <0.001 |
|     snackmenuff                     |     0.000 |
|     snackscreen                     |    <0.001 |
|     up_button                       |    <0.001 |
|   clk6p                             |    <0.001 |
|   damien                            |     0.159 |
|     clk10                           |    <0.001 |
|     nolabel_line101                 |     0.008 |
|     nolabel_line103                 |     0.008 |
|     nolabel_line87                  |     0.010 |
|       reg_array_reg_0_255_0_0       |    <0.001 |
|       reg_array_reg_0_255_10_10     |    <0.001 |
|       reg_array_reg_0_255_11_11     |    <0.001 |
|       reg_array_reg_0_255_12_12     |    <0.001 |
|       reg_array_reg_0_255_13_13     |    <0.001 |
|       reg_array_reg_0_255_14_14     |    <0.001 |
|       reg_array_reg_0_255_15_15     |    <0.001 |
|       reg_array_reg_0_255_1_1       |    <0.001 |
|       reg_array_reg_0_255_2_2       |    <0.001 |
|       reg_array_reg_0_255_3_3       |    <0.001 |
|       reg_array_reg_0_255_4_4       |    <0.001 |
|       reg_array_reg_0_255_5_5       |    <0.001 |
|       reg_array_reg_0_255_6_6       |    <0.001 |
|       reg_array_reg_0_255_7_7       |    <0.001 |
|       reg_array_reg_0_255_8_8       |    <0.001 |
|       reg_array_reg_0_255_9_9       |    <0.001 |
|       reg_array_reg_1024_1279_0_0   |    <0.001 |
|       reg_array_reg_1024_1279_10_10 |    <0.001 |
|       reg_array_reg_1024_1279_11_11 |    <0.001 |
|       reg_array_reg_1024_1279_12_12 |    <0.001 |
|       reg_array_reg_1024_1279_13_13 |    <0.001 |
|       reg_array_reg_1024_1279_14_14 |    <0.001 |
|       reg_array_reg_1024_1279_15_15 |    <0.001 |
|       reg_array_reg_1024_1279_1_1   |    <0.001 |
|       reg_array_reg_1024_1279_2_2   |    <0.001 |
|       reg_array_reg_1024_1279_3_3   |    <0.001 |
|       reg_array_reg_1024_1279_4_4   |    <0.001 |
|       reg_array_reg_1024_1279_5_5   |    <0.001 |
|       reg_array_reg_1024_1279_6_6   |    <0.001 |
|       reg_array_reg_1024_1279_7_7   |    <0.001 |
|       reg_array_reg_1024_1279_8_8   |    <0.001 |
|       reg_array_reg_1024_1279_9_9   |    <0.001 |
|       reg_array_reg_1280_1535_0_0   |    <0.001 |
|       reg_array_reg_1280_1535_10_10 |    <0.001 |
|       reg_array_reg_1280_1535_11_11 |    <0.001 |
|       reg_array_reg_1280_1535_12_12 |    <0.001 |
|       reg_array_reg_1280_1535_13_13 |    <0.001 |
|       reg_array_reg_1280_1535_14_14 |    <0.001 |
|       reg_array_reg_1280_1535_15_15 |    <0.001 |
|       reg_array_reg_1280_1535_1_1   |    <0.001 |
|       reg_array_reg_1280_1535_2_2   |    <0.001 |
|       reg_array_reg_1280_1535_3_3   |    <0.001 |
|       reg_array_reg_1280_1535_4_4   |    <0.001 |
|       reg_array_reg_1280_1535_5_5   |    <0.001 |
|       reg_array_reg_1280_1535_6_6   |    <0.001 |
|       reg_array_reg_1280_1535_7_7   |    <0.001 |
|       reg_array_reg_1280_1535_8_8   |    <0.001 |
|       reg_array_reg_1280_1535_9_9   |    <0.001 |
|       reg_array_reg_1536_1791_0_0   |    <0.001 |
|       reg_array_reg_1536_1791_10_10 |    <0.001 |
|       reg_array_reg_1536_1791_11_11 |    <0.001 |
|       reg_array_reg_1536_1791_12_12 |    <0.001 |
|       reg_array_reg_1536_1791_13_13 |    <0.001 |
|       reg_array_reg_1536_1791_14_14 |    <0.001 |
|       reg_array_reg_1536_1791_15_15 |    <0.001 |
|       reg_array_reg_1536_1791_1_1   |    <0.001 |
|       reg_array_reg_1536_1791_2_2   |    <0.001 |
|       reg_array_reg_1536_1791_3_3   |    <0.001 |
|       reg_array_reg_1536_1791_4_4   |    <0.001 |
|       reg_array_reg_1536_1791_5_5   |    <0.001 |
|       reg_array_reg_1536_1791_6_6   |    <0.001 |
|       reg_array_reg_1536_1791_7_7   |    <0.001 |
|       reg_array_reg_1536_1791_8_8   |    <0.001 |
|       reg_array_reg_1536_1791_9_9   |    <0.001 |
|       reg_array_reg_1792_2047_0_0   |    <0.001 |
|       reg_array_reg_1792_2047_10_10 |    <0.001 |
|       reg_array_reg_1792_2047_11_11 |    <0.001 |
|       reg_array_reg_1792_2047_12_12 |    <0.001 |
|       reg_array_reg_1792_2047_13_13 |    <0.001 |
|       reg_array_reg_1792_2047_14_14 |    <0.001 |
|       reg_array_reg_1792_2047_15_15 |    <0.001 |
|       reg_array_reg_1792_2047_1_1   |    <0.001 |
|       reg_array_reg_1792_2047_2_2   |    <0.001 |
|       reg_array_reg_1792_2047_3_3   |    <0.001 |
|       reg_array_reg_1792_2047_4_4   |    <0.001 |
|       reg_array_reg_1792_2047_5_5   |    <0.001 |
|       reg_array_reg_1792_2047_6_6   |    <0.001 |
|       reg_array_reg_1792_2047_7_7   |    <0.001 |
|       reg_array_reg_1792_2047_8_8   |    <0.001 |
|       reg_array_reg_1792_2047_9_9   |    <0.001 |
|       reg_array_reg_2048_2303_0_0   |    <0.001 |
|       reg_array_reg_2048_2303_10_10 |    <0.001 |
|       reg_array_reg_2048_2303_11_11 |    <0.001 |
|       reg_array_reg_2048_2303_12_12 |    <0.001 |
|       reg_array_reg_2048_2303_13_13 |    <0.001 |
|       reg_array_reg_2048_2303_14_14 |    <0.001 |
|       reg_array_reg_2048_2303_15_15 |    <0.001 |
|       reg_array_reg_2048_2303_1_1   |    <0.001 |
|       reg_array_reg_2048_2303_2_2   |    <0.001 |
|       reg_array_reg_2048_2303_3_3   |    <0.001 |
|       reg_array_reg_2048_2303_4_4   |    <0.001 |
|       reg_array_reg_2048_2303_5_5   |    <0.001 |
|       reg_array_reg_2048_2303_6_6   |    <0.001 |
|       reg_array_reg_2048_2303_7_7   |    <0.001 |
|       reg_array_reg_2048_2303_8_8   |    <0.001 |
|       reg_array_reg_2048_2303_9_9   |    <0.001 |
|       reg_array_reg_2304_2559_0_0   |    <0.001 |
|       reg_array_reg_2304_2559_10_10 |    <0.001 |
|       reg_array_reg_2304_2559_11_11 |    <0.001 |
|       reg_array_reg_2304_2559_12_12 |    <0.001 |
|       reg_array_reg_2304_2559_13_13 |    <0.001 |
|       reg_array_reg_2304_2559_14_14 |    <0.001 |
|       reg_array_reg_2304_2559_15_15 |    <0.001 |
|       reg_array_reg_2304_2559_1_1   |    <0.001 |
|       reg_array_reg_2304_2559_2_2   |    <0.001 |
|       reg_array_reg_2304_2559_3_3   |    <0.001 |
|       reg_array_reg_2304_2559_4_4   |    <0.001 |
|       reg_array_reg_2304_2559_5_5   |    <0.001 |
|       reg_array_reg_2304_2559_6_6   |    <0.001 |
|       reg_array_reg_2304_2559_7_7   |    <0.001 |
|       reg_array_reg_2304_2559_8_8   |    <0.001 |
|       reg_array_reg_2304_2559_9_9   |    <0.001 |
|       reg_array_reg_2560_2815_0_0   |    <0.001 |
|       reg_array_reg_2560_2815_10_10 |    <0.001 |
|       reg_array_reg_2560_2815_11_11 |    <0.001 |
|       reg_array_reg_2560_2815_12_12 |    <0.001 |
|       reg_array_reg_2560_2815_13_13 |    <0.001 |
|       reg_array_reg_2560_2815_14_14 |    <0.001 |
|       reg_array_reg_2560_2815_15_15 |    <0.001 |
|       reg_array_reg_2560_2815_1_1   |    <0.001 |
|       reg_array_reg_2560_2815_2_2   |    <0.001 |
|       reg_array_reg_2560_2815_3_3   |    <0.001 |
|       reg_array_reg_2560_2815_4_4   |    <0.001 |
|       reg_array_reg_2560_2815_5_5   |    <0.001 |
|       reg_array_reg_2560_2815_6_6   |    <0.001 |
|       reg_array_reg_2560_2815_7_7   |    <0.001 |
|       reg_array_reg_2560_2815_8_8   |    <0.001 |
|       reg_array_reg_2560_2815_9_9   |    <0.001 |
|       reg_array_reg_256_511_0_0     |    <0.001 |
|       reg_array_reg_256_511_10_10   |    <0.001 |
|       reg_array_reg_256_511_11_11   |    <0.001 |
|       reg_array_reg_256_511_12_12   |    <0.001 |
|       reg_array_reg_256_511_13_13   |    <0.001 |
|       reg_array_reg_256_511_14_14   |    <0.001 |
|       reg_array_reg_256_511_15_15   |    <0.001 |
|       reg_array_reg_256_511_1_1     |    <0.001 |
|       reg_array_reg_256_511_2_2     |    <0.001 |
|       reg_array_reg_256_511_3_3     |    <0.001 |
|       reg_array_reg_256_511_4_4     |    <0.001 |
|       reg_array_reg_256_511_5_5     |    <0.001 |
|       reg_array_reg_256_511_6_6     |    <0.001 |
|       reg_array_reg_256_511_7_7     |    <0.001 |
|       reg_array_reg_256_511_8_8     |    <0.001 |
|       reg_array_reg_256_511_9_9     |    <0.001 |
|       reg_array_reg_2816_3071_0_0   |    <0.001 |
|       reg_array_reg_2816_3071_10_10 |    <0.001 |
|       reg_array_reg_2816_3071_11_11 |    <0.001 |
|       reg_array_reg_2816_3071_12_12 |    <0.001 |
|       reg_array_reg_2816_3071_13_13 |    <0.001 |
|       reg_array_reg_2816_3071_14_14 |    <0.001 |
|       reg_array_reg_2816_3071_15_15 |    <0.001 |
|       reg_array_reg_2816_3071_1_1   |    <0.001 |
|       reg_array_reg_2816_3071_2_2   |    <0.001 |
|       reg_array_reg_2816_3071_3_3   |    <0.001 |
|       reg_array_reg_2816_3071_4_4   |    <0.001 |
|       reg_array_reg_2816_3071_5_5   |    <0.001 |
|       reg_array_reg_2816_3071_6_6   |    <0.001 |
|       reg_array_reg_2816_3071_7_7   |    <0.001 |
|       reg_array_reg_2816_3071_8_8   |    <0.001 |
|       reg_array_reg_2816_3071_9_9   |    <0.001 |
|       reg_array_reg_3072_3327_0_0   |    <0.001 |
|       reg_array_reg_3072_3327_10_10 |    <0.001 |
|       reg_array_reg_3072_3327_11_11 |    <0.001 |
|       reg_array_reg_3072_3327_12_12 |    <0.001 |
|       reg_array_reg_3072_3327_13_13 |    <0.001 |
|       reg_array_reg_3072_3327_14_14 |    <0.001 |
|       reg_array_reg_3072_3327_15_15 |    <0.001 |
|       reg_array_reg_3072_3327_1_1   |    <0.001 |
|       reg_array_reg_3072_3327_2_2   |    <0.001 |
|       reg_array_reg_3072_3327_3_3   |    <0.001 |
|       reg_array_reg_3072_3327_4_4   |    <0.001 |
|       reg_array_reg_3072_3327_5_5   |    <0.001 |
|       reg_array_reg_3072_3327_6_6   |    <0.001 |
|       reg_array_reg_3072_3327_7_7   |    <0.001 |
|       reg_array_reg_3072_3327_8_8   |    <0.001 |
|       reg_array_reg_3072_3327_9_9   |    <0.001 |
|       reg_array_reg_3328_3583_0_0   |    <0.001 |
|       reg_array_reg_3328_3583_10_10 |    <0.001 |
|       reg_array_reg_3328_3583_11_11 |    <0.001 |
|       reg_array_reg_3328_3583_12_12 |    <0.001 |
|       reg_array_reg_3328_3583_13_13 |    <0.001 |
|       reg_array_reg_3328_3583_14_14 |    <0.001 |
|       reg_array_reg_3328_3583_15_15 |    <0.001 |
|       reg_array_reg_3328_3583_1_1   |    <0.001 |
|       reg_array_reg_3328_3583_2_2   |    <0.001 |
|       reg_array_reg_3328_3583_3_3   |    <0.001 |
|       reg_array_reg_3328_3583_4_4   |    <0.001 |
|       reg_array_reg_3328_3583_5_5   |    <0.001 |
|       reg_array_reg_3328_3583_6_6   |    <0.001 |
|       reg_array_reg_3328_3583_7_7   |    <0.001 |
|       reg_array_reg_3328_3583_8_8   |    <0.001 |
|       reg_array_reg_3328_3583_9_9   |    <0.001 |
|       reg_array_reg_3584_3839_0_0   |    <0.001 |
|       reg_array_reg_3584_3839_10_10 |    <0.001 |
|       reg_array_reg_3584_3839_11_11 |    <0.001 |
|       reg_array_reg_3584_3839_12_12 |    <0.001 |
|       reg_array_reg_3584_3839_13_13 |    <0.001 |
|       reg_array_reg_3584_3839_14_14 |    <0.001 |
|       reg_array_reg_3584_3839_15_15 |    <0.001 |
|       reg_array_reg_3584_3839_1_1   |    <0.001 |
|       reg_array_reg_3584_3839_2_2   |    <0.001 |
|       reg_array_reg_3584_3839_3_3   |    <0.001 |
|       reg_array_reg_3584_3839_4_4   |    <0.001 |
|       reg_array_reg_3584_3839_5_5   |    <0.001 |
|       reg_array_reg_3584_3839_6_6   |    <0.001 |
|       reg_array_reg_3584_3839_7_7   |    <0.001 |
|       reg_array_reg_3584_3839_8_8   |    <0.001 |
|       reg_array_reg_3584_3839_9_9   |    <0.001 |
|       reg_array_reg_3840_4095_0_0   |    <0.001 |
|       reg_array_reg_3840_4095_10_10 |    <0.001 |
|       reg_array_reg_3840_4095_11_11 |    <0.001 |
|       reg_array_reg_3840_4095_12_12 |    <0.001 |
|       reg_array_reg_3840_4095_13_13 |    <0.001 |
|       reg_array_reg_3840_4095_14_14 |    <0.001 |
|       reg_array_reg_3840_4095_15_15 |    <0.001 |
|       reg_array_reg_3840_4095_1_1   |    <0.001 |
|       reg_array_reg_3840_4095_2_2   |    <0.001 |
|       reg_array_reg_3840_4095_3_3   |    <0.001 |
|       reg_array_reg_3840_4095_4_4   |    <0.001 |
|       reg_array_reg_3840_4095_5_5   |    <0.001 |
|       reg_array_reg_3840_4095_6_6   |    <0.001 |
|       reg_array_reg_3840_4095_7_7   |    <0.001 |
|       reg_array_reg_3840_4095_8_8   |    <0.001 |
|       reg_array_reg_3840_4095_9_9   |    <0.001 |
|       reg_array_reg_4096_4351_0_0   |    <0.001 |
|       reg_array_reg_4096_4351_10_10 |    <0.001 |
|       reg_array_reg_4096_4351_11_11 |    <0.001 |
|       reg_array_reg_4096_4351_12_12 |    <0.001 |
|       reg_array_reg_4096_4351_13_13 |    <0.001 |
|       reg_array_reg_4096_4351_14_14 |    <0.001 |
|       reg_array_reg_4096_4351_15_15 |    <0.001 |
|       reg_array_reg_4096_4351_1_1   |    <0.001 |
|       reg_array_reg_4096_4351_2_2   |    <0.001 |
|       reg_array_reg_4096_4351_3_3   |    <0.001 |
|       reg_array_reg_4096_4351_4_4   |    <0.001 |
|       reg_array_reg_4096_4351_5_5   |    <0.001 |
|       reg_array_reg_4096_4351_6_6   |    <0.001 |
|       reg_array_reg_4096_4351_7_7   |    <0.001 |
|       reg_array_reg_4096_4351_8_8   |    <0.001 |
|       reg_array_reg_4096_4351_9_9   |    <0.001 |
|       reg_array_reg_4352_4607_0_0   |    <0.001 |
|       reg_array_reg_4352_4607_10_10 |    <0.001 |
|       reg_array_reg_4352_4607_11_11 |    <0.001 |
|       reg_array_reg_4352_4607_12_12 |    <0.001 |
|       reg_array_reg_4352_4607_13_13 |    <0.001 |
|       reg_array_reg_4352_4607_14_14 |    <0.001 |
|       reg_array_reg_4352_4607_15_15 |    <0.001 |
|       reg_array_reg_4352_4607_1_1   |    <0.001 |
|       reg_array_reg_4352_4607_2_2   |    <0.001 |
|       reg_array_reg_4352_4607_3_3   |    <0.001 |
|       reg_array_reg_4352_4607_4_4   |    <0.001 |
|       reg_array_reg_4352_4607_5_5   |    <0.001 |
|       reg_array_reg_4352_4607_6_6   |    <0.001 |
|       reg_array_reg_4352_4607_7_7   |    <0.001 |
|       reg_array_reg_4352_4607_8_8   |    <0.001 |
|       reg_array_reg_4352_4607_9_9   |    <0.001 |
|       reg_array_reg_4608_4863_0_0   |    <0.001 |
|       reg_array_reg_4608_4863_10_10 |    <0.001 |
|       reg_array_reg_4608_4863_11_11 |    <0.001 |
|       reg_array_reg_4608_4863_12_12 |    <0.001 |
|       reg_array_reg_4608_4863_13_13 |    <0.001 |
|       reg_array_reg_4608_4863_14_14 |    <0.001 |
|       reg_array_reg_4608_4863_15_15 |    <0.001 |
|       reg_array_reg_4608_4863_1_1   |    <0.001 |
|       reg_array_reg_4608_4863_2_2   |    <0.001 |
|       reg_array_reg_4608_4863_3_3   |    <0.001 |
|       reg_array_reg_4608_4863_4_4   |    <0.001 |
|       reg_array_reg_4608_4863_5_5   |    <0.001 |
|       reg_array_reg_4608_4863_6_6   |    <0.001 |
|       reg_array_reg_4608_4863_7_7   |    <0.001 |
|       reg_array_reg_4608_4863_8_8   |    <0.001 |
|       reg_array_reg_4608_4863_9_9   |    <0.001 |
|       reg_array_reg_4864_5119_0_0   |    <0.001 |
|       reg_array_reg_4864_5119_10_10 |    <0.001 |
|       reg_array_reg_4864_5119_11_11 |    <0.001 |
|       reg_array_reg_4864_5119_12_12 |    <0.001 |
|       reg_array_reg_4864_5119_13_13 |    <0.001 |
|       reg_array_reg_4864_5119_14_14 |    <0.001 |
|       reg_array_reg_4864_5119_15_15 |    <0.001 |
|       reg_array_reg_4864_5119_1_1   |    <0.001 |
|       reg_array_reg_4864_5119_2_2   |    <0.001 |
|       reg_array_reg_4864_5119_3_3   |    <0.001 |
|       reg_array_reg_4864_5119_4_4   |    <0.001 |
|       reg_array_reg_4864_5119_5_5   |    <0.001 |
|       reg_array_reg_4864_5119_6_6   |    <0.001 |
|       reg_array_reg_4864_5119_7_7   |    <0.001 |
|       reg_array_reg_4864_5119_8_8   |    <0.001 |
|       reg_array_reg_4864_5119_9_9   |    <0.001 |
|       reg_array_reg_5120_5375_0_0   |    <0.001 |
|       reg_array_reg_5120_5375_10_10 |    <0.001 |
|       reg_array_reg_5120_5375_11_11 |    <0.001 |
|       reg_array_reg_5120_5375_12_12 |    <0.001 |
|       reg_array_reg_5120_5375_13_13 |    <0.001 |
|       reg_array_reg_5120_5375_14_14 |    <0.001 |
|       reg_array_reg_5120_5375_15_15 |    <0.001 |
|       reg_array_reg_5120_5375_1_1   |    <0.001 |
|       reg_array_reg_5120_5375_2_2   |    <0.001 |
|       reg_array_reg_5120_5375_3_3   |    <0.001 |
|       reg_array_reg_5120_5375_4_4   |    <0.001 |
|       reg_array_reg_5120_5375_5_5   |    <0.001 |
|       reg_array_reg_5120_5375_6_6   |    <0.001 |
|       reg_array_reg_5120_5375_7_7   |    <0.001 |
|       reg_array_reg_5120_5375_8_8   |    <0.001 |
|       reg_array_reg_5120_5375_9_9   |    <0.001 |
|       reg_array_reg_512_767_0_0     |    <0.001 |
|       reg_array_reg_512_767_10_10   |    <0.001 |
|       reg_array_reg_512_767_11_11   |    <0.001 |
|       reg_array_reg_512_767_12_12   |    <0.001 |
|       reg_array_reg_512_767_13_13   |    <0.001 |
|       reg_array_reg_512_767_14_14   |    <0.001 |
|       reg_array_reg_512_767_15_15   |    <0.001 |
|       reg_array_reg_512_767_1_1     |    <0.001 |
|       reg_array_reg_512_767_2_2     |    <0.001 |
|       reg_array_reg_512_767_3_3     |    <0.001 |
|       reg_array_reg_512_767_4_4     |    <0.001 |
|       reg_array_reg_512_767_5_5     |    <0.001 |
|       reg_array_reg_512_767_6_6     |    <0.001 |
|       reg_array_reg_512_767_7_7     |    <0.001 |
|       reg_array_reg_512_767_8_8     |    <0.001 |
|       reg_array_reg_512_767_9_9     |    <0.001 |
|       reg_array_reg_5376_5631_0_0   |    <0.001 |
|       reg_array_reg_5376_5631_10_10 |    <0.001 |
|       reg_array_reg_5376_5631_11_11 |    <0.001 |
|       reg_array_reg_5376_5631_12_12 |    <0.001 |
|       reg_array_reg_5376_5631_13_13 |    <0.001 |
|       reg_array_reg_5376_5631_14_14 |    <0.001 |
|       reg_array_reg_5376_5631_15_15 |    <0.001 |
|       reg_array_reg_5376_5631_1_1   |    <0.001 |
|       reg_array_reg_5376_5631_2_2   |    <0.001 |
|       reg_array_reg_5376_5631_3_3   |    <0.001 |
|       reg_array_reg_5376_5631_4_4   |    <0.001 |
|       reg_array_reg_5376_5631_5_5   |    <0.001 |
|       reg_array_reg_5376_5631_6_6   |    <0.001 |
|       reg_array_reg_5376_5631_7_7   |    <0.001 |
|       reg_array_reg_5376_5631_8_8   |    <0.001 |
|       reg_array_reg_5376_5631_9_9   |    <0.001 |
|       reg_array_reg_5632_5887_0_0   |    <0.001 |
|       reg_array_reg_5632_5887_10_10 |    <0.001 |
|       reg_array_reg_5632_5887_11_11 |    <0.001 |
|       reg_array_reg_5632_5887_12_12 |    <0.001 |
|       reg_array_reg_5632_5887_13_13 |    <0.001 |
|       reg_array_reg_5632_5887_14_14 |    <0.001 |
|       reg_array_reg_5632_5887_15_15 |    <0.001 |
|       reg_array_reg_5632_5887_1_1   |    <0.001 |
|       reg_array_reg_5632_5887_2_2   |    <0.001 |
|       reg_array_reg_5632_5887_3_3   |    <0.001 |
|       reg_array_reg_5632_5887_4_4   |    <0.001 |
|       reg_array_reg_5632_5887_5_5   |    <0.001 |
|       reg_array_reg_5632_5887_6_6   |    <0.001 |
|       reg_array_reg_5632_5887_7_7   |    <0.001 |
|       reg_array_reg_5632_5887_8_8   |    <0.001 |
|       reg_array_reg_5632_5887_9_9   |    <0.001 |
|       reg_array_reg_5888_6143_0_0   |    <0.001 |
|       reg_array_reg_5888_6143_10_10 |    <0.001 |
|       reg_array_reg_5888_6143_11_11 |    <0.001 |
|       reg_array_reg_5888_6143_12_12 |    <0.001 |
|       reg_array_reg_5888_6143_13_13 |    <0.001 |
|       reg_array_reg_5888_6143_14_14 |    <0.001 |
|       reg_array_reg_5888_6143_15_15 |    <0.001 |
|       reg_array_reg_5888_6143_1_1   |    <0.001 |
|       reg_array_reg_5888_6143_2_2   |    <0.001 |
|       reg_array_reg_5888_6143_3_3   |    <0.001 |
|       reg_array_reg_5888_6143_4_4   |    <0.001 |
|       reg_array_reg_5888_6143_5_5   |    <0.001 |
|       reg_array_reg_5888_6143_6_6   |    <0.001 |
|       reg_array_reg_5888_6143_7_7   |    <0.001 |
|       reg_array_reg_5888_6143_8_8   |    <0.001 |
|       reg_array_reg_5888_6143_9_9   |    <0.001 |
|       reg_array_reg_768_1023_0_0    |    <0.001 |
|       reg_array_reg_768_1023_10_10  |    <0.001 |
|       reg_array_reg_768_1023_11_11  |    <0.001 |
|       reg_array_reg_768_1023_12_12  |    <0.001 |
|       reg_array_reg_768_1023_13_13  |    <0.001 |
|       reg_array_reg_768_1023_14_14  |    <0.001 |
|       reg_array_reg_768_1023_15_15  |    <0.001 |
|       reg_array_reg_768_1023_1_1    |    <0.001 |
|       reg_array_reg_768_1023_2_2    |    <0.001 |
|       reg_array_reg_768_1023_3_3    |    <0.001 |
|       reg_array_reg_768_1023_4_4    |    <0.001 |
|       reg_array_reg_768_1023_5_5    |    <0.001 |
|       reg_array_reg_768_1023_6_6    |    <0.001 |
|       reg_array_reg_768_1023_7_7    |    <0.001 |
|       reg_array_reg_768_1023_8_8    |    <0.001 |
|       reg_array_reg_768_1023_9_9    |    <0.001 |
|     nolabel_line88                  |     0.008 |
|     nolabel_line90                  |     0.008 |
|     nolabel_line91                  |     0.008 |
|     nolabel_line93                  |     0.008 |
|     nolabel_line94                  |     0.008 |
|     nolabel_line96                  |     0.008 |
|     nolabel_line98                  |     0.008 |
|     nolabel_line99                  |     0.008 |
|     workout                         |     0.067 |
|       clk1                          |    <0.001 |
|       clk10                         |    <0.001 |
|       clk20                         |    <0.001 |
|       clk2p5                        |    <0.001 |
|       clk5                          |    <0.001 |
|   nolabel_line84                    |     0.000 |
|     reg_array_reg_0_255_0_0         |     0.000 |
|     reg_array_reg_0_255_10_10       |     0.000 |
|     reg_array_reg_0_255_11_11       |     0.000 |
|     reg_array_reg_0_255_12_12       |     0.000 |
|     reg_array_reg_0_255_13_13       |     0.000 |
|     reg_array_reg_0_255_14_14       |     0.000 |
|     reg_array_reg_0_255_15_15       |     0.000 |
|     reg_array_reg_0_255_1_1         |     0.000 |
|     reg_array_reg_0_255_2_2         |     0.000 |
|     reg_array_reg_0_255_3_3         |     0.000 |
|     reg_array_reg_0_255_4_4         |     0.000 |
|     reg_array_reg_0_255_5_5         |     0.000 |
|     reg_array_reg_0_255_6_6         |     0.000 |
|     reg_array_reg_0_255_7_7         |     0.000 |
|     reg_array_reg_0_255_8_8         |     0.000 |
|     reg_array_reg_0_255_9_9         |     0.000 |
|     reg_array_reg_1024_1279_0_0     |     0.000 |
|     reg_array_reg_1024_1279_10_10   |     0.000 |
|     reg_array_reg_1024_1279_11_11   |     0.000 |
|     reg_array_reg_1024_1279_12_12   |     0.000 |
|     reg_array_reg_1024_1279_13_13   |     0.000 |
|     reg_array_reg_1024_1279_14_14   |     0.000 |
|     reg_array_reg_1024_1279_15_15   |     0.000 |
|     reg_array_reg_1024_1279_1_1     |     0.000 |
|     reg_array_reg_1024_1279_2_2     |     0.000 |
|     reg_array_reg_1024_1279_3_3     |     0.000 |
|     reg_array_reg_1024_1279_4_4     |     0.000 |
|     reg_array_reg_1024_1279_5_5     |     0.000 |
|     reg_array_reg_1024_1279_6_6     |     0.000 |
|     reg_array_reg_1024_1279_7_7     |     0.000 |
|     reg_array_reg_1024_1279_8_8     |     0.000 |
|     reg_array_reg_1024_1279_9_9     |     0.000 |
|     reg_array_reg_1280_1535_0_0     |     0.000 |
|     reg_array_reg_1280_1535_10_10   |     0.000 |
|     reg_array_reg_1280_1535_11_11   |     0.000 |
|     reg_array_reg_1280_1535_12_12   |     0.000 |
|     reg_array_reg_1280_1535_13_13   |     0.000 |
|     reg_array_reg_1280_1535_14_14   |     0.000 |
|     reg_array_reg_1280_1535_15_15   |     0.000 |
|     reg_array_reg_1280_1535_1_1     |     0.000 |
|     reg_array_reg_1280_1535_2_2     |     0.000 |
|     reg_array_reg_1280_1535_3_3     |     0.000 |
|     reg_array_reg_1280_1535_4_4     |     0.000 |
|     reg_array_reg_1280_1535_5_5     |     0.000 |
|     reg_array_reg_1280_1535_6_6     |     0.000 |
|     reg_array_reg_1280_1535_7_7     |     0.000 |
|     reg_array_reg_1280_1535_8_8     |     0.000 |
|     reg_array_reg_1280_1535_9_9     |     0.000 |
|     reg_array_reg_1536_1791_0_0     |     0.000 |
|     reg_array_reg_1536_1791_10_10   |     0.000 |
|     reg_array_reg_1536_1791_11_11   |     0.000 |
|     reg_array_reg_1536_1791_12_12   |     0.000 |
|     reg_array_reg_1536_1791_13_13   |     0.000 |
|     reg_array_reg_1536_1791_14_14   |     0.000 |
|     reg_array_reg_1536_1791_15_15   |     0.000 |
|     reg_array_reg_1536_1791_1_1     |     0.000 |
|     reg_array_reg_1536_1791_2_2     |     0.000 |
|     reg_array_reg_1536_1791_3_3     |     0.000 |
|     reg_array_reg_1536_1791_4_4     |     0.000 |
|     reg_array_reg_1536_1791_5_5     |     0.000 |
|     reg_array_reg_1536_1791_6_6     |     0.000 |
|     reg_array_reg_1536_1791_7_7     |     0.000 |
|     reg_array_reg_1536_1791_8_8     |     0.000 |
|     reg_array_reg_1536_1791_9_9     |     0.000 |
|     reg_array_reg_1792_2047_0_0     |     0.000 |
|     reg_array_reg_1792_2047_10_10   |     0.000 |
|     reg_array_reg_1792_2047_11_11   |     0.000 |
|     reg_array_reg_1792_2047_12_12   |     0.000 |
|     reg_array_reg_1792_2047_13_13   |     0.000 |
|     reg_array_reg_1792_2047_14_14   |     0.000 |
|     reg_array_reg_1792_2047_15_15   |     0.000 |
|     reg_array_reg_1792_2047_1_1     |     0.000 |
|     reg_array_reg_1792_2047_2_2     |     0.000 |
|     reg_array_reg_1792_2047_3_3     |     0.000 |
|     reg_array_reg_1792_2047_4_4     |     0.000 |
|     reg_array_reg_1792_2047_5_5     |     0.000 |
|     reg_array_reg_1792_2047_6_6     |     0.000 |
|     reg_array_reg_1792_2047_7_7     |     0.000 |
|     reg_array_reg_1792_2047_8_8     |     0.000 |
|     reg_array_reg_1792_2047_9_9     |     0.000 |
|     reg_array_reg_2048_2303_0_0     |     0.000 |
|     reg_array_reg_2048_2303_10_10   |     0.000 |
|     reg_array_reg_2048_2303_11_11   |     0.000 |
|     reg_array_reg_2048_2303_12_12   |     0.000 |
|     reg_array_reg_2048_2303_13_13   |     0.000 |
|     reg_array_reg_2048_2303_14_14   |     0.000 |
|     reg_array_reg_2048_2303_15_15   |     0.000 |
|     reg_array_reg_2048_2303_1_1     |     0.000 |
|     reg_array_reg_2048_2303_2_2     |     0.000 |
|     reg_array_reg_2048_2303_3_3     |     0.000 |
|     reg_array_reg_2048_2303_4_4     |     0.000 |
|     reg_array_reg_2048_2303_5_5     |     0.000 |
|     reg_array_reg_2048_2303_6_6     |     0.000 |
|     reg_array_reg_2048_2303_7_7     |     0.000 |
|     reg_array_reg_2048_2303_8_8     |     0.000 |
|     reg_array_reg_2048_2303_9_9     |     0.000 |
|     reg_array_reg_2304_2559_0_0     |     0.000 |
|     reg_array_reg_2304_2559_10_10   |     0.000 |
|     reg_array_reg_2304_2559_11_11   |     0.000 |
|     reg_array_reg_2304_2559_12_12   |     0.000 |
|     reg_array_reg_2304_2559_13_13   |     0.000 |
|     reg_array_reg_2304_2559_14_14   |     0.000 |
|     reg_array_reg_2304_2559_15_15   |     0.000 |
|     reg_array_reg_2304_2559_1_1     |     0.000 |
|     reg_array_reg_2304_2559_2_2     |     0.000 |
|     reg_array_reg_2304_2559_3_3     |     0.000 |
|     reg_array_reg_2304_2559_4_4     |     0.000 |
|     reg_array_reg_2304_2559_5_5     |     0.000 |
|     reg_array_reg_2304_2559_6_6     |     0.000 |
|     reg_array_reg_2304_2559_7_7     |     0.000 |
|     reg_array_reg_2304_2559_8_8     |     0.000 |
|     reg_array_reg_2304_2559_9_9     |     0.000 |
|     reg_array_reg_2560_2815_0_0     |     0.000 |
|     reg_array_reg_2560_2815_10_10   |     0.000 |
|     reg_array_reg_2560_2815_11_11   |     0.000 |
|     reg_array_reg_2560_2815_12_12   |     0.000 |
|     reg_array_reg_2560_2815_13_13   |     0.000 |
|     reg_array_reg_2560_2815_14_14   |     0.000 |
|     reg_array_reg_2560_2815_15_15   |     0.000 |
|     reg_array_reg_2560_2815_1_1     |     0.000 |
|     reg_array_reg_2560_2815_2_2     |     0.000 |
|     reg_array_reg_2560_2815_3_3     |     0.000 |
|     reg_array_reg_2560_2815_4_4     |     0.000 |
|     reg_array_reg_2560_2815_5_5     |     0.000 |
|     reg_array_reg_2560_2815_6_6     |     0.000 |
|     reg_array_reg_2560_2815_7_7     |     0.000 |
|     reg_array_reg_2560_2815_8_8     |     0.000 |
|     reg_array_reg_2560_2815_9_9     |     0.000 |
|     reg_array_reg_256_511_0_0       |     0.000 |
|     reg_array_reg_256_511_10_10     |     0.000 |
|     reg_array_reg_256_511_11_11     |     0.000 |
|     reg_array_reg_256_511_12_12     |     0.000 |
|     reg_array_reg_256_511_13_13     |     0.000 |
|     reg_array_reg_256_511_14_14     |     0.000 |
|     reg_array_reg_256_511_15_15     |     0.000 |
|     reg_array_reg_256_511_1_1       |     0.000 |
|     reg_array_reg_256_511_2_2       |     0.000 |
|     reg_array_reg_256_511_3_3       |     0.000 |
|     reg_array_reg_256_511_4_4       |     0.000 |
|     reg_array_reg_256_511_5_5       |     0.000 |
|     reg_array_reg_256_511_6_6       |     0.000 |
|     reg_array_reg_256_511_7_7       |     0.000 |
|     reg_array_reg_256_511_8_8       |     0.000 |
|     reg_array_reg_256_511_9_9       |     0.000 |
|     reg_array_reg_2816_3071_0_0     |     0.000 |
|     reg_array_reg_2816_3071_10_10   |     0.000 |
|     reg_array_reg_2816_3071_11_11   |     0.000 |
|     reg_array_reg_2816_3071_12_12   |     0.000 |
|     reg_array_reg_2816_3071_13_13   |     0.000 |
|     reg_array_reg_2816_3071_14_14   |     0.000 |
|     reg_array_reg_2816_3071_15_15   |     0.000 |
|     reg_array_reg_2816_3071_1_1     |     0.000 |
|     reg_array_reg_2816_3071_2_2     |     0.000 |
|     reg_array_reg_2816_3071_3_3     |     0.000 |
|     reg_array_reg_2816_3071_4_4     |     0.000 |
|     reg_array_reg_2816_3071_5_5     |     0.000 |
|     reg_array_reg_2816_3071_6_6     |     0.000 |
|     reg_array_reg_2816_3071_7_7     |     0.000 |
|     reg_array_reg_2816_3071_8_8     |     0.000 |
|     reg_array_reg_2816_3071_9_9     |     0.000 |
|     reg_array_reg_3072_3327_0_0     |     0.000 |
|     reg_array_reg_3072_3327_10_10   |     0.000 |
|     reg_array_reg_3072_3327_11_11   |     0.000 |
|     reg_array_reg_3072_3327_12_12   |     0.000 |
|     reg_array_reg_3072_3327_13_13   |     0.000 |
|     reg_array_reg_3072_3327_14_14   |     0.000 |
|     reg_array_reg_3072_3327_15_15   |     0.000 |
|     reg_array_reg_3072_3327_1_1     |     0.000 |
|     reg_array_reg_3072_3327_2_2     |     0.000 |
|     reg_array_reg_3072_3327_3_3     |     0.000 |
|     reg_array_reg_3072_3327_4_4     |     0.000 |
|     reg_array_reg_3072_3327_5_5     |     0.000 |
|     reg_array_reg_3072_3327_6_6     |     0.000 |
|     reg_array_reg_3072_3327_7_7     |     0.000 |
|     reg_array_reg_3072_3327_8_8     |     0.000 |
|     reg_array_reg_3072_3327_9_9     |     0.000 |
|     reg_array_reg_3328_3583_0_0     |     0.000 |
|     reg_array_reg_3328_3583_10_10   |     0.000 |
|     reg_array_reg_3328_3583_11_11   |     0.000 |
|     reg_array_reg_3328_3583_12_12   |     0.000 |
|     reg_array_reg_3328_3583_13_13   |     0.000 |
|     reg_array_reg_3328_3583_14_14   |     0.000 |
|     reg_array_reg_3328_3583_15_15   |     0.000 |
|     reg_array_reg_3328_3583_1_1     |     0.000 |
|     reg_array_reg_3328_3583_2_2     |     0.000 |
|     reg_array_reg_3328_3583_3_3     |     0.000 |
|     reg_array_reg_3328_3583_4_4     |     0.000 |
|     reg_array_reg_3328_3583_5_5     |     0.000 |
|     reg_array_reg_3328_3583_6_6     |     0.000 |
|     reg_array_reg_3328_3583_7_7     |     0.000 |
|     reg_array_reg_3328_3583_8_8     |     0.000 |
|     reg_array_reg_3328_3583_9_9     |     0.000 |
|     reg_array_reg_3584_3839_0_0     |     0.000 |
|     reg_array_reg_3584_3839_10_10   |     0.000 |
|     reg_array_reg_3584_3839_11_11   |     0.000 |
|     reg_array_reg_3584_3839_12_12   |     0.000 |
|     reg_array_reg_3584_3839_13_13   |     0.000 |
|     reg_array_reg_3584_3839_14_14   |     0.000 |
|     reg_array_reg_3584_3839_15_15   |     0.000 |
|     reg_array_reg_3584_3839_1_1     |     0.000 |
|     reg_array_reg_3584_3839_2_2     |     0.000 |
|     reg_array_reg_3584_3839_3_3     |     0.000 |
|     reg_array_reg_3584_3839_4_4     |     0.000 |
|     reg_array_reg_3584_3839_5_5     |     0.000 |
|     reg_array_reg_3584_3839_6_6     |     0.000 |
|     reg_array_reg_3584_3839_7_7     |     0.000 |
|     reg_array_reg_3584_3839_8_8     |     0.000 |
|     reg_array_reg_3584_3839_9_9     |     0.000 |
|     reg_array_reg_3840_4095_0_0     |     0.000 |
|     reg_array_reg_3840_4095_10_10   |     0.000 |
|     reg_array_reg_3840_4095_11_11   |     0.000 |
|     reg_array_reg_3840_4095_12_12   |     0.000 |
|     reg_array_reg_3840_4095_13_13   |     0.000 |
|     reg_array_reg_3840_4095_14_14   |     0.000 |
|     reg_array_reg_3840_4095_15_15   |     0.000 |
|     reg_array_reg_3840_4095_1_1     |     0.000 |
|     reg_array_reg_3840_4095_2_2     |     0.000 |
|     reg_array_reg_3840_4095_3_3     |     0.000 |
|     reg_array_reg_3840_4095_4_4     |     0.000 |
|     reg_array_reg_3840_4095_5_5     |     0.000 |
|     reg_array_reg_3840_4095_6_6     |     0.000 |
|     reg_array_reg_3840_4095_7_7     |     0.000 |
|     reg_array_reg_3840_4095_8_8     |     0.000 |
|     reg_array_reg_3840_4095_9_9     |     0.000 |
|     reg_array_reg_4096_4351_0_0     |     0.000 |
|     reg_array_reg_4096_4351_10_10   |     0.000 |
|     reg_array_reg_4096_4351_11_11   |     0.000 |
|     reg_array_reg_4096_4351_12_12   |     0.000 |
|     reg_array_reg_4096_4351_13_13   |     0.000 |
|     reg_array_reg_4096_4351_14_14   |     0.000 |
|     reg_array_reg_4096_4351_15_15   |     0.000 |
|     reg_array_reg_4096_4351_1_1     |     0.000 |
|     reg_array_reg_4096_4351_2_2     |     0.000 |
|     reg_array_reg_4096_4351_3_3     |     0.000 |
|     reg_array_reg_4096_4351_4_4     |     0.000 |
|     reg_array_reg_4096_4351_5_5     |     0.000 |
|     reg_array_reg_4096_4351_6_6     |     0.000 |
|     reg_array_reg_4096_4351_7_7     |     0.000 |
|     reg_array_reg_4096_4351_8_8     |     0.000 |
|     reg_array_reg_4096_4351_9_9     |     0.000 |
|     reg_array_reg_4352_4607_0_0     |     0.000 |
|     reg_array_reg_4352_4607_10_10   |     0.000 |
|     reg_array_reg_4352_4607_11_11   |     0.000 |
|     reg_array_reg_4352_4607_12_12   |     0.000 |
|     reg_array_reg_4352_4607_13_13   |     0.000 |
|     reg_array_reg_4352_4607_14_14   |     0.000 |
|     reg_array_reg_4352_4607_15_15   |     0.000 |
|     reg_array_reg_4352_4607_1_1     |     0.000 |
|     reg_array_reg_4352_4607_2_2     |     0.000 |
|     reg_array_reg_4352_4607_3_3     |     0.000 |
|     reg_array_reg_4352_4607_4_4     |     0.000 |
|     reg_array_reg_4352_4607_5_5     |     0.000 |
|     reg_array_reg_4352_4607_6_6     |     0.000 |
|     reg_array_reg_4352_4607_7_7     |     0.000 |
|     reg_array_reg_4352_4607_8_8     |     0.000 |
|     reg_array_reg_4352_4607_9_9     |     0.000 |
|     reg_array_reg_4608_4863_0_0     |     0.000 |
|     reg_array_reg_4608_4863_10_10   |     0.000 |
|     reg_array_reg_4608_4863_11_11   |     0.000 |
|     reg_array_reg_4608_4863_12_12   |     0.000 |
|     reg_array_reg_4608_4863_13_13   |     0.000 |
|     reg_array_reg_4608_4863_14_14   |     0.000 |
|     reg_array_reg_4608_4863_15_15   |     0.000 |
|     reg_array_reg_4608_4863_1_1     |     0.000 |
|     reg_array_reg_4608_4863_2_2     |     0.000 |
|     reg_array_reg_4608_4863_3_3     |     0.000 |
|     reg_array_reg_4608_4863_4_4     |     0.000 |
|     reg_array_reg_4608_4863_5_5     |     0.000 |
|     reg_array_reg_4608_4863_6_6     |     0.000 |
|     reg_array_reg_4608_4863_7_7     |     0.000 |
|     reg_array_reg_4608_4863_8_8     |     0.000 |
|     reg_array_reg_4608_4863_9_9     |     0.000 |
|     reg_array_reg_4864_5119_0_0     |     0.000 |
|     reg_array_reg_4864_5119_10_10   |     0.000 |
|     reg_array_reg_4864_5119_11_11   |     0.000 |
|     reg_array_reg_4864_5119_12_12   |     0.000 |
|     reg_array_reg_4864_5119_13_13   |     0.000 |
|     reg_array_reg_4864_5119_14_14   |     0.000 |
|     reg_array_reg_4864_5119_15_15   |     0.000 |
|     reg_array_reg_4864_5119_1_1     |     0.000 |
|     reg_array_reg_4864_5119_2_2     |     0.000 |
|     reg_array_reg_4864_5119_3_3     |     0.000 |
|     reg_array_reg_4864_5119_4_4     |     0.000 |
|     reg_array_reg_4864_5119_5_5     |     0.000 |
|     reg_array_reg_4864_5119_6_6     |     0.000 |
|     reg_array_reg_4864_5119_7_7     |     0.000 |
|     reg_array_reg_4864_5119_8_8     |     0.000 |
|     reg_array_reg_4864_5119_9_9     |     0.000 |
|     reg_array_reg_5120_5375_0_0     |     0.000 |
|     reg_array_reg_5120_5375_10_10   |     0.000 |
|     reg_array_reg_5120_5375_11_11   |     0.000 |
|     reg_array_reg_5120_5375_12_12   |     0.000 |
|     reg_array_reg_5120_5375_13_13   |     0.000 |
|     reg_array_reg_5120_5375_14_14   |     0.000 |
|     reg_array_reg_5120_5375_15_15   |     0.000 |
|     reg_array_reg_5120_5375_1_1     |     0.000 |
|     reg_array_reg_5120_5375_2_2     |     0.000 |
|     reg_array_reg_5120_5375_3_3     |     0.000 |
|     reg_array_reg_5120_5375_4_4     |     0.000 |
|     reg_array_reg_5120_5375_5_5     |     0.000 |
|     reg_array_reg_5120_5375_6_6     |     0.000 |
|     reg_array_reg_5120_5375_7_7     |     0.000 |
|     reg_array_reg_5120_5375_8_8     |     0.000 |
|     reg_array_reg_5120_5375_9_9     |     0.000 |
|     reg_array_reg_512_767_0_0       |     0.000 |
|     reg_array_reg_512_767_10_10     |     0.000 |
|     reg_array_reg_512_767_11_11     |     0.000 |
|     reg_array_reg_512_767_12_12     |     0.000 |
|     reg_array_reg_512_767_13_13     |     0.000 |
|     reg_array_reg_512_767_14_14     |     0.000 |
|     reg_array_reg_512_767_15_15     |     0.000 |
|     reg_array_reg_512_767_1_1       |     0.000 |
|     reg_array_reg_512_767_2_2       |     0.000 |
|     reg_array_reg_512_767_3_3       |     0.000 |
|     reg_array_reg_512_767_4_4       |     0.000 |
|     reg_array_reg_512_767_5_5       |     0.000 |
|     reg_array_reg_512_767_6_6       |     0.000 |
|     reg_array_reg_512_767_7_7       |     0.000 |
|     reg_array_reg_512_767_8_8       |     0.000 |
|     reg_array_reg_512_767_9_9       |     0.000 |
|     reg_array_reg_5376_5631_0_0     |     0.000 |
|     reg_array_reg_5376_5631_10_10   |     0.000 |
|     reg_array_reg_5376_5631_11_11   |     0.000 |
|     reg_array_reg_5376_5631_12_12   |     0.000 |
|     reg_array_reg_5376_5631_13_13   |     0.000 |
|     reg_array_reg_5376_5631_14_14   |     0.000 |
|     reg_array_reg_5376_5631_15_15   |     0.000 |
|     reg_array_reg_5376_5631_1_1     |     0.000 |
|     reg_array_reg_5376_5631_2_2     |     0.000 |
|     reg_array_reg_5376_5631_3_3     |     0.000 |
|     reg_array_reg_5376_5631_4_4     |     0.000 |
|     reg_array_reg_5376_5631_5_5     |     0.000 |
|     reg_array_reg_5376_5631_6_6     |     0.000 |
|     reg_array_reg_5376_5631_7_7     |     0.000 |
|     reg_array_reg_5376_5631_8_8     |     0.000 |
|     reg_array_reg_5376_5631_9_9     |     0.000 |
|     reg_array_reg_5632_5887_0_0     |     0.000 |
|     reg_array_reg_5632_5887_10_10   |     0.000 |
|     reg_array_reg_5632_5887_11_11   |     0.000 |
|     reg_array_reg_5632_5887_12_12   |     0.000 |
|     reg_array_reg_5632_5887_13_13   |     0.000 |
|     reg_array_reg_5632_5887_14_14   |     0.000 |
|     reg_array_reg_5632_5887_15_15   |     0.000 |
|     reg_array_reg_5632_5887_1_1     |     0.000 |
|     reg_array_reg_5632_5887_2_2     |     0.000 |
|     reg_array_reg_5632_5887_3_3     |     0.000 |
|     reg_array_reg_5632_5887_4_4     |     0.000 |
|     reg_array_reg_5632_5887_5_5     |     0.000 |
|     reg_array_reg_5632_5887_6_6     |     0.000 |
|     reg_array_reg_5632_5887_7_7     |     0.000 |
|     reg_array_reg_5632_5887_8_8     |     0.000 |
|     reg_array_reg_5632_5887_9_9     |     0.000 |
|     reg_array_reg_5888_6143_0_0     |     0.000 |
|     reg_array_reg_5888_6143_10_10   |     0.000 |
|     reg_array_reg_5888_6143_11_11   |     0.000 |
|     reg_array_reg_5888_6143_12_12   |     0.000 |
|     reg_array_reg_5888_6143_13_13   |     0.000 |
|     reg_array_reg_5888_6143_14_14   |     0.000 |
|     reg_array_reg_5888_6143_15_15   |     0.000 |
|     reg_array_reg_5888_6143_1_1     |     0.000 |
|     reg_array_reg_5888_6143_2_2     |     0.000 |
|     reg_array_reg_5888_6143_3_3     |     0.000 |
|     reg_array_reg_5888_6143_4_4     |     0.000 |
|     reg_array_reg_5888_6143_5_5     |     0.000 |
|     reg_array_reg_5888_6143_6_6     |     0.000 |
|     reg_array_reg_5888_6143_7_7     |     0.000 |
|     reg_array_reg_5888_6143_8_8     |     0.000 |
|     reg_array_reg_5888_6143_9_9     |     0.000 |
|     reg_array_reg_768_1023_0_0      |     0.000 |
|     reg_array_reg_768_1023_10_10    |     0.000 |
|     reg_array_reg_768_1023_11_11    |     0.000 |
|     reg_array_reg_768_1023_12_12    |     0.000 |
|     reg_array_reg_768_1023_13_13    |     0.000 |
|     reg_array_reg_768_1023_14_14    |     0.000 |
|     reg_array_reg_768_1023_15_15    |     0.000 |
|     reg_array_reg_768_1023_1_1      |     0.000 |
|     reg_array_reg_768_1023_2_2      |     0.000 |
|     reg_array_reg_768_1023_3_3      |     0.000 |
|     reg_array_reg_768_1023_4_4      |     0.000 |
|     reg_array_reg_768_1023_5_5      |     0.000 |
|     reg_array_reg_768_1023_6_6      |     0.000 |
|     reg_array_reg_768_1023_7_7      |     0.000 |
|     reg_array_reg_768_1023_8_8      |     0.000 |
|     reg_array_reg_768_1023_9_9      |     0.000 |
|   nolabel_line85                    |     0.000 |
|     reg_array_reg_0_255_0_0         |     0.000 |
|     reg_array_reg_0_255_10_10       |     0.000 |
|     reg_array_reg_0_255_11_11       |     0.000 |
|     reg_array_reg_0_255_12_12       |     0.000 |
|     reg_array_reg_0_255_13_13       |     0.000 |
|     reg_array_reg_0_255_14_14       |     0.000 |
|     reg_array_reg_0_255_15_15       |     0.000 |
|     reg_array_reg_0_255_1_1         |     0.000 |
|     reg_array_reg_0_255_2_2         |     0.000 |
|     reg_array_reg_0_255_3_3         |     0.000 |
|     reg_array_reg_0_255_4_4         |     0.000 |
|     reg_array_reg_0_255_5_5         |     0.000 |
|     reg_array_reg_0_255_6_6         |     0.000 |
|     reg_array_reg_0_255_7_7         |     0.000 |
|     reg_array_reg_0_255_8_8         |     0.000 |
|     reg_array_reg_0_255_9_9         |     0.000 |
|     reg_array_reg_1024_1279_0_0     |     0.000 |
|     reg_array_reg_1024_1279_10_10   |     0.000 |
|     reg_array_reg_1024_1279_11_11   |     0.000 |
|     reg_array_reg_1024_1279_12_12   |     0.000 |
|     reg_array_reg_1024_1279_13_13   |     0.000 |
|     reg_array_reg_1024_1279_14_14   |     0.000 |
|     reg_array_reg_1024_1279_15_15   |     0.000 |
|     reg_array_reg_1024_1279_1_1     |     0.000 |
|     reg_array_reg_1024_1279_2_2     |     0.000 |
|     reg_array_reg_1024_1279_3_3     |     0.000 |
|     reg_array_reg_1024_1279_4_4     |     0.000 |
|     reg_array_reg_1024_1279_5_5     |     0.000 |
|     reg_array_reg_1024_1279_6_6     |     0.000 |
|     reg_array_reg_1024_1279_7_7     |     0.000 |
|     reg_array_reg_1024_1279_8_8     |     0.000 |
|     reg_array_reg_1024_1279_9_9     |     0.000 |
|     reg_array_reg_1280_1535_0_0     |     0.000 |
|     reg_array_reg_1280_1535_10_10   |     0.000 |
|     reg_array_reg_1280_1535_11_11   |     0.000 |
|     reg_array_reg_1280_1535_12_12   |     0.000 |
|     reg_array_reg_1280_1535_13_13   |     0.000 |
|     reg_array_reg_1280_1535_14_14   |     0.000 |
|     reg_array_reg_1280_1535_15_15   |     0.000 |
|     reg_array_reg_1280_1535_1_1     |     0.000 |
|     reg_array_reg_1280_1535_2_2     |     0.000 |
|     reg_array_reg_1280_1535_3_3     |     0.000 |
|     reg_array_reg_1280_1535_4_4     |     0.000 |
|     reg_array_reg_1280_1535_5_5     |     0.000 |
|     reg_array_reg_1280_1535_6_6     |     0.000 |
|     reg_array_reg_1280_1535_7_7     |     0.000 |
|     reg_array_reg_1280_1535_8_8     |     0.000 |
|     reg_array_reg_1280_1535_9_9     |     0.000 |
|     reg_array_reg_1536_1791_0_0     |     0.000 |
|     reg_array_reg_1536_1791_10_10   |     0.000 |
|     reg_array_reg_1536_1791_11_11   |     0.000 |
|     reg_array_reg_1536_1791_12_12   |     0.000 |
|     reg_array_reg_1536_1791_13_13   |     0.000 |
|     reg_array_reg_1536_1791_14_14   |     0.000 |
|     reg_array_reg_1536_1791_15_15   |     0.000 |
|     reg_array_reg_1536_1791_1_1     |     0.000 |
|     reg_array_reg_1536_1791_2_2     |     0.000 |
|     reg_array_reg_1536_1791_3_3     |     0.000 |
|     reg_array_reg_1536_1791_4_4     |     0.000 |
|     reg_array_reg_1536_1791_5_5     |     0.000 |
|     reg_array_reg_1536_1791_6_6     |     0.000 |
|     reg_array_reg_1536_1791_7_7     |     0.000 |
|     reg_array_reg_1536_1791_8_8     |     0.000 |
|     reg_array_reg_1536_1791_9_9     |     0.000 |
|     reg_array_reg_1792_2047_0_0     |     0.000 |
|     reg_array_reg_1792_2047_10_10   |     0.000 |
|     reg_array_reg_1792_2047_11_11   |     0.000 |
|     reg_array_reg_1792_2047_12_12   |     0.000 |
|     reg_array_reg_1792_2047_13_13   |     0.000 |
|     reg_array_reg_1792_2047_14_14   |     0.000 |
|     reg_array_reg_1792_2047_15_15   |     0.000 |
|     reg_array_reg_1792_2047_1_1     |     0.000 |
|     reg_array_reg_1792_2047_2_2     |     0.000 |
|     reg_array_reg_1792_2047_3_3     |     0.000 |
|     reg_array_reg_1792_2047_4_4     |     0.000 |
|     reg_array_reg_1792_2047_5_5     |     0.000 |
|     reg_array_reg_1792_2047_6_6     |     0.000 |
|     reg_array_reg_1792_2047_7_7     |     0.000 |
|     reg_array_reg_1792_2047_8_8     |     0.000 |
|     reg_array_reg_1792_2047_9_9     |     0.000 |
|     reg_array_reg_2048_2303_0_0     |     0.000 |
|     reg_array_reg_2048_2303_10_10   |     0.000 |
|     reg_array_reg_2048_2303_11_11   |     0.000 |
|     reg_array_reg_2048_2303_12_12   |     0.000 |
|     reg_array_reg_2048_2303_13_13   |     0.000 |
|     reg_array_reg_2048_2303_14_14   |     0.000 |
|     reg_array_reg_2048_2303_15_15   |     0.000 |
|     reg_array_reg_2048_2303_1_1     |     0.000 |
|     reg_array_reg_2048_2303_2_2     |     0.000 |
|     reg_array_reg_2048_2303_3_3     |     0.000 |
|     reg_array_reg_2048_2303_4_4     |     0.000 |
|     reg_array_reg_2048_2303_5_5     |     0.000 |
|     reg_array_reg_2048_2303_6_6     |     0.000 |
|     reg_array_reg_2048_2303_7_7     |     0.000 |
|     reg_array_reg_2048_2303_8_8     |     0.000 |
|     reg_array_reg_2048_2303_9_9     |     0.000 |
|     reg_array_reg_2304_2559_0_0     |     0.000 |
|     reg_array_reg_2304_2559_10_10   |     0.000 |
|     reg_array_reg_2304_2559_11_11   |     0.000 |
|     reg_array_reg_2304_2559_12_12   |     0.000 |
|     reg_array_reg_2304_2559_13_13   |     0.000 |
|     reg_array_reg_2304_2559_14_14   |     0.000 |
|     reg_array_reg_2304_2559_15_15   |     0.000 |
|     reg_array_reg_2304_2559_1_1     |     0.000 |
|     reg_array_reg_2304_2559_2_2     |     0.000 |
|     reg_array_reg_2304_2559_3_3     |     0.000 |
|     reg_array_reg_2304_2559_4_4     |     0.000 |
|     reg_array_reg_2304_2559_5_5     |     0.000 |
|     reg_array_reg_2304_2559_6_6     |     0.000 |
|     reg_array_reg_2304_2559_7_7     |     0.000 |
|     reg_array_reg_2304_2559_8_8     |     0.000 |
|     reg_array_reg_2304_2559_9_9     |     0.000 |
|     reg_array_reg_2560_2815_0_0     |     0.000 |
|     reg_array_reg_2560_2815_10_10   |     0.000 |
|     reg_array_reg_2560_2815_11_11   |     0.000 |
|     reg_array_reg_2560_2815_12_12   |     0.000 |
|     reg_array_reg_2560_2815_13_13   |     0.000 |
|     reg_array_reg_2560_2815_14_14   |     0.000 |
|     reg_array_reg_2560_2815_15_15   |     0.000 |
|     reg_array_reg_2560_2815_1_1     |     0.000 |
|     reg_array_reg_2560_2815_2_2     |     0.000 |
|     reg_array_reg_2560_2815_3_3     |     0.000 |
|     reg_array_reg_2560_2815_4_4     |     0.000 |
|     reg_array_reg_2560_2815_5_5     |     0.000 |
|     reg_array_reg_2560_2815_6_6     |     0.000 |
|     reg_array_reg_2560_2815_7_7     |     0.000 |
|     reg_array_reg_2560_2815_8_8     |     0.000 |
|     reg_array_reg_2560_2815_9_9     |     0.000 |
|     reg_array_reg_256_511_0_0       |     0.000 |
|     reg_array_reg_256_511_10_10     |     0.000 |
|     reg_array_reg_256_511_11_11     |     0.000 |
|     reg_array_reg_256_511_12_12     |     0.000 |
|     reg_array_reg_256_511_13_13     |     0.000 |
|     reg_array_reg_256_511_14_14     |     0.000 |
|     reg_array_reg_256_511_15_15     |     0.000 |
|     reg_array_reg_256_511_1_1       |     0.000 |
|     reg_array_reg_256_511_2_2       |     0.000 |
|     reg_array_reg_256_511_3_3       |     0.000 |
|     reg_array_reg_256_511_4_4       |     0.000 |
|     reg_array_reg_256_511_5_5       |     0.000 |
|     reg_array_reg_256_511_6_6       |     0.000 |
|     reg_array_reg_256_511_7_7       |     0.000 |
|     reg_array_reg_256_511_8_8       |     0.000 |
|     reg_array_reg_256_511_9_9       |     0.000 |
|     reg_array_reg_2816_3071_0_0     |     0.000 |
|     reg_array_reg_2816_3071_10_10   |     0.000 |
|     reg_array_reg_2816_3071_11_11   |     0.000 |
|     reg_array_reg_2816_3071_12_12   |     0.000 |
|     reg_array_reg_2816_3071_13_13   |     0.000 |
|     reg_array_reg_2816_3071_14_14   |     0.000 |
|     reg_array_reg_2816_3071_15_15   |     0.000 |
|     reg_array_reg_2816_3071_1_1     |     0.000 |
|     reg_array_reg_2816_3071_2_2     |     0.000 |
|     reg_array_reg_2816_3071_3_3     |     0.000 |
|     reg_array_reg_2816_3071_4_4     |     0.000 |
|     reg_array_reg_2816_3071_5_5     |     0.000 |
|     reg_array_reg_2816_3071_6_6     |     0.000 |
|     reg_array_reg_2816_3071_7_7     |     0.000 |
|     reg_array_reg_2816_3071_8_8     |     0.000 |
|     reg_array_reg_2816_3071_9_9     |     0.000 |
|     reg_array_reg_3072_3327_0_0     |     0.000 |
|     reg_array_reg_3072_3327_10_10   |     0.000 |
|     reg_array_reg_3072_3327_11_11   |     0.000 |
|     reg_array_reg_3072_3327_12_12   |     0.000 |
|     reg_array_reg_3072_3327_13_13   |     0.000 |
|     reg_array_reg_3072_3327_14_14   |     0.000 |
|     reg_array_reg_3072_3327_15_15   |     0.000 |
|     reg_array_reg_3072_3327_1_1     |     0.000 |
|     reg_array_reg_3072_3327_2_2     |     0.000 |
|     reg_array_reg_3072_3327_3_3     |     0.000 |
|     reg_array_reg_3072_3327_4_4     |     0.000 |
|     reg_array_reg_3072_3327_5_5     |     0.000 |
|     reg_array_reg_3072_3327_6_6     |     0.000 |
|     reg_array_reg_3072_3327_7_7     |     0.000 |
|     reg_array_reg_3072_3327_8_8     |     0.000 |
|     reg_array_reg_3072_3327_9_9     |     0.000 |
|     reg_array_reg_3328_3583_0_0     |     0.000 |
|     reg_array_reg_3328_3583_10_10   |     0.000 |
|     reg_array_reg_3328_3583_11_11   |     0.000 |
|     reg_array_reg_3328_3583_12_12   |     0.000 |
|     reg_array_reg_3328_3583_13_13   |     0.000 |
|     reg_array_reg_3328_3583_14_14   |     0.000 |
|     reg_array_reg_3328_3583_15_15   |     0.000 |
|     reg_array_reg_3328_3583_1_1     |     0.000 |
|     reg_array_reg_3328_3583_2_2     |     0.000 |
|     reg_array_reg_3328_3583_3_3     |     0.000 |
|     reg_array_reg_3328_3583_4_4     |     0.000 |
|     reg_array_reg_3328_3583_5_5     |     0.000 |
|     reg_array_reg_3328_3583_6_6     |     0.000 |
|     reg_array_reg_3328_3583_7_7     |     0.000 |
|     reg_array_reg_3328_3583_8_8     |     0.000 |
|     reg_array_reg_3328_3583_9_9     |     0.000 |
|     reg_array_reg_3584_3839_0_0     |     0.000 |
|     reg_array_reg_3584_3839_10_10   |     0.000 |
|     reg_array_reg_3584_3839_11_11   |     0.000 |
|     reg_array_reg_3584_3839_12_12   |     0.000 |
|     reg_array_reg_3584_3839_13_13   |     0.000 |
|     reg_array_reg_3584_3839_14_14   |     0.000 |
|     reg_array_reg_3584_3839_15_15   |     0.000 |
|     reg_array_reg_3584_3839_1_1     |     0.000 |
|     reg_array_reg_3584_3839_2_2     |     0.000 |
|     reg_array_reg_3584_3839_3_3     |     0.000 |
|     reg_array_reg_3584_3839_4_4     |     0.000 |
|     reg_array_reg_3584_3839_5_5     |     0.000 |
|     reg_array_reg_3584_3839_6_6     |     0.000 |
|     reg_array_reg_3584_3839_7_7     |     0.000 |
|     reg_array_reg_3584_3839_8_8     |     0.000 |
|     reg_array_reg_3584_3839_9_9     |     0.000 |
|     reg_array_reg_3840_4095_0_0     |     0.000 |
|     reg_array_reg_3840_4095_10_10   |     0.000 |
|     reg_array_reg_3840_4095_11_11   |     0.000 |
|     reg_array_reg_3840_4095_12_12   |     0.000 |
|     reg_array_reg_3840_4095_13_13   |     0.000 |
|     reg_array_reg_3840_4095_14_14   |     0.000 |
|     reg_array_reg_3840_4095_15_15   |     0.000 |
|     reg_array_reg_3840_4095_1_1     |     0.000 |
|     reg_array_reg_3840_4095_2_2     |     0.000 |
|     reg_array_reg_3840_4095_3_3     |     0.000 |
|     reg_array_reg_3840_4095_4_4     |     0.000 |
|     reg_array_reg_3840_4095_5_5     |     0.000 |
|     reg_array_reg_3840_4095_6_6     |     0.000 |
|     reg_array_reg_3840_4095_7_7     |     0.000 |
|     reg_array_reg_3840_4095_8_8     |     0.000 |
|     reg_array_reg_3840_4095_9_9     |     0.000 |
|     reg_array_reg_4096_4351_0_0     |     0.000 |
|     reg_array_reg_4096_4351_10_10   |     0.000 |
|     reg_array_reg_4096_4351_11_11   |     0.000 |
|     reg_array_reg_4096_4351_12_12   |     0.000 |
|     reg_array_reg_4096_4351_13_13   |     0.000 |
|     reg_array_reg_4096_4351_14_14   |     0.000 |
|     reg_array_reg_4096_4351_15_15   |     0.000 |
|     reg_array_reg_4096_4351_1_1     |     0.000 |
|     reg_array_reg_4096_4351_2_2     |     0.000 |
|     reg_array_reg_4096_4351_3_3     |     0.000 |
|     reg_array_reg_4096_4351_4_4     |     0.000 |
|     reg_array_reg_4096_4351_5_5     |     0.000 |
|     reg_array_reg_4096_4351_6_6     |     0.000 |
|     reg_array_reg_4096_4351_7_7     |     0.000 |
|     reg_array_reg_4096_4351_8_8     |     0.000 |
|     reg_array_reg_4096_4351_9_9     |     0.000 |
|     reg_array_reg_4352_4607_0_0     |     0.000 |
|     reg_array_reg_4352_4607_10_10   |     0.000 |
|     reg_array_reg_4352_4607_11_11   |     0.000 |
|     reg_array_reg_4352_4607_12_12   |     0.000 |
|     reg_array_reg_4352_4607_13_13   |     0.000 |
|     reg_array_reg_4352_4607_14_14   |     0.000 |
|     reg_array_reg_4352_4607_15_15   |     0.000 |
|     reg_array_reg_4352_4607_1_1     |     0.000 |
|     reg_array_reg_4352_4607_2_2     |     0.000 |
|     reg_array_reg_4352_4607_3_3     |     0.000 |
|     reg_array_reg_4352_4607_4_4     |     0.000 |
|     reg_array_reg_4352_4607_5_5     |     0.000 |
|     reg_array_reg_4352_4607_6_6     |     0.000 |
|     reg_array_reg_4352_4607_7_7     |     0.000 |
|     reg_array_reg_4352_4607_8_8     |     0.000 |
|     reg_array_reg_4352_4607_9_9     |     0.000 |
|     reg_array_reg_4608_4863_0_0     |     0.000 |
|     reg_array_reg_4608_4863_10_10   |     0.000 |
|     reg_array_reg_4608_4863_11_11   |     0.000 |
|     reg_array_reg_4608_4863_12_12   |     0.000 |
|     reg_array_reg_4608_4863_13_13   |     0.000 |
|     reg_array_reg_4608_4863_14_14   |     0.000 |
|     reg_array_reg_4608_4863_15_15   |     0.000 |
|     reg_array_reg_4608_4863_1_1     |     0.000 |
|     reg_array_reg_4608_4863_2_2     |     0.000 |
|     reg_array_reg_4608_4863_3_3     |     0.000 |
|     reg_array_reg_4608_4863_4_4     |     0.000 |
|     reg_array_reg_4608_4863_5_5     |     0.000 |
|     reg_array_reg_4608_4863_6_6     |     0.000 |
|     reg_array_reg_4608_4863_7_7     |     0.000 |
|     reg_array_reg_4608_4863_8_8     |     0.000 |
|     reg_array_reg_4608_4863_9_9     |     0.000 |
|     reg_array_reg_4864_5119_0_0     |     0.000 |
|     reg_array_reg_4864_5119_10_10   |     0.000 |
|     reg_array_reg_4864_5119_11_11   |     0.000 |
|     reg_array_reg_4864_5119_12_12   |     0.000 |
|     reg_array_reg_4864_5119_13_13   |     0.000 |
|     reg_array_reg_4864_5119_14_14   |     0.000 |
|     reg_array_reg_4864_5119_15_15   |     0.000 |
|     reg_array_reg_4864_5119_1_1     |     0.000 |
|     reg_array_reg_4864_5119_2_2     |     0.000 |
|     reg_array_reg_4864_5119_3_3     |     0.000 |
|     reg_array_reg_4864_5119_4_4     |     0.000 |
|     reg_array_reg_4864_5119_5_5     |     0.000 |
|     reg_array_reg_4864_5119_6_6     |     0.000 |
|     reg_array_reg_4864_5119_7_7     |     0.000 |
|     reg_array_reg_4864_5119_8_8     |     0.000 |
|     reg_array_reg_4864_5119_9_9     |     0.000 |
|     reg_array_reg_5120_5375_0_0     |     0.000 |
|     reg_array_reg_5120_5375_10_10   |     0.000 |
|     reg_array_reg_5120_5375_11_11   |     0.000 |
|     reg_array_reg_5120_5375_12_12   |     0.000 |
|     reg_array_reg_5120_5375_13_13   |     0.000 |
|     reg_array_reg_5120_5375_14_14   |     0.000 |
|     reg_array_reg_5120_5375_15_15   |     0.000 |
|     reg_array_reg_5120_5375_1_1     |     0.000 |
|     reg_array_reg_5120_5375_2_2     |     0.000 |
|     reg_array_reg_5120_5375_3_3     |     0.000 |
|     reg_array_reg_5120_5375_4_4     |     0.000 |
|     reg_array_reg_5120_5375_5_5     |     0.000 |
|     reg_array_reg_5120_5375_6_6     |     0.000 |
|     reg_array_reg_5120_5375_7_7     |     0.000 |
|     reg_array_reg_5120_5375_8_8     |     0.000 |
|     reg_array_reg_5120_5375_9_9     |     0.000 |
|     reg_array_reg_512_767_0_0       |     0.000 |
|     reg_array_reg_512_767_10_10     |     0.000 |
|     reg_array_reg_512_767_11_11     |     0.000 |
|     reg_array_reg_512_767_12_12     |     0.000 |
|     reg_array_reg_512_767_13_13     |     0.000 |
|     reg_array_reg_512_767_14_14     |     0.000 |
|     reg_array_reg_512_767_15_15     |     0.000 |
|     reg_array_reg_512_767_1_1       |     0.000 |
|     reg_array_reg_512_767_2_2       |     0.000 |
|     reg_array_reg_512_767_3_3       |     0.000 |
|     reg_array_reg_512_767_4_4       |     0.000 |
|     reg_array_reg_512_767_5_5       |     0.000 |
|     reg_array_reg_512_767_6_6       |     0.000 |
|     reg_array_reg_512_767_7_7       |     0.000 |
|     reg_array_reg_512_767_8_8       |     0.000 |
|     reg_array_reg_512_767_9_9       |     0.000 |
|     reg_array_reg_5376_5631_0_0     |     0.000 |
|     reg_array_reg_5376_5631_10_10   |     0.000 |
|     reg_array_reg_5376_5631_11_11   |     0.000 |
|     reg_array_reg_5376_5631_12_12   |     0.000 |
|     reg_array_reg_5376_5631_13_13   |     0.000 |
|     reg_array_reg_5376_5631_14_14   |     0.000 |
|     reg_array_reg_5376_5631_15_15   |     0.000 |
|     reg_array_reg_5376_5631_1_1     |     0.000 |
|     reg_array_reg_5376_5631_2_2     |     0.000 |
|     reg_array_reg_5376_5631_3_3     |     0.000 |
|     reg_array_reg_5376_5631_4_4     |     0.000 |
|     reg_array_reg_5376_5631_5_5     |     0.000 |
|     reg_array_reg_5376_5631_6_6     |     0.000 |
|     reg_array_reg_5376_5631_7_7     |     0.000 |
|     reg_array_reg_5376_5631_8_8     |     0.000 |
|     reg_array_reg_5376_5631_9_9     |     0.000 |
|     reg_array_reg_5632_5887_0_0     |     0.000 |
|     reg_array_reg_5632_5887_10_10   |     0.000 |
|     reg_array_reg_5632_5887_11_11   |     0.000 |
|     reg_array_reg_5632_5887_12_12   |     0.000 |
|     reg_array_reg_5632_5887_13_13   |     0.000 |
|     reg_array_reg_5632_5887_14_14   |     0.000 |
|     reg_array_reg_5632_5887_15_15   |     0.000 |
|     reg_array_reg_5632_5887_1_1     |     0.000 |
|     reg_array_reg_5632_5887_2_2     |     0.000 |
|     reg_array_reg_5632_5887_3_3     |     0.000 |
|     reg_array_reg_5632_5887_4_4     |     0.000 |
|     reg_array_reg_5632_5887_5_5     |     0.000 |
|     reg_array_reg_5632_5887_6_6     |     0.000 |
|     reg_array_reg_5632_5887_7_7     |     0.000 |
|     reg_array_reg_5632_5887_8_8     |     0.000 |
|     reg_array_reg_5632_5887_9_9     |     0.000 |
|     reg_array_reg_5888_6143_0_0     |     0.000 |
|     reg_array_reg_5888_6143_10_10   |     0.000 |
|     reg_array_reg_5888_6143_11_11   |     0.000 |
|     reg_array_reg_5888_6143_12_12   |     0.000 |
|     reg_array_reg_5888_6143_13_13   |     0.000 |
|     reg_array_reg_5888_6143_14_14   |     0.000 |
|     reg_array_reg_5888_6143_15_15   |     0.000 |
|     reg_array_reg_5888_6143_1_1     |     0.000 |
|     reg_array_reg_5888_6143_2_2     |     0.000 |
|     reg_array_reg_5888_6143_3_3     |     0.000 |
|     reg_array_reg_5888_6143_4_4     |     0.000 |
|     reg_array_reg_5888_6143_5_5     |     0.000 |
|     reg_array_reg_5888_6143_6_6     |     0.000 |
|     reg_array_reg_5888_6143_7_7     |     0.000 |
|     reg_array_reg_5888_6143_8_8     |     0.000 |
|     reg_array_reg_5888_6143_9_9     |     0.000 |
|     reg_array_reg_768_1023_0_0      |     0.000 |
|     reg_array_reg_768_1023_10_10    |     0.000 |
|     reg_array_reg_768_1023_11_11    |     0.000 |
|     reg_array_reg_768_1023_12_12    |     0.000 |
|     reg_array_reg_768_1023_13_13    |     0.000 |
|     reg_array_reg_768_1023_14_14    |     0.000 |
|     reg_array_reg_768_1023_15_15    |     0.000 |
|     reg_array_reg_768_1023_1_1      |     0.000 |
|     reg_array_reg_768_1023_2_2      |     0.000 |
|     reg_array_reg_768_1023_3_3      |     0.000 |
|     reg_array_reg_768_1023_4_4      |     0.000 |
|     reg_array_reg_768_1023_5_5      |     0.000 |
|     reg_array_reg_768_1023_6_6      |     0.000 |
|     reg_array_reg_768_1023_7_7      |     0.000 |
|     reg_array_reg_768_1023_8_8      |     0.000 |
|     reg_array_reg_768_1023_9_9      |     0.000 |
+-------------------------------------+-----------+


